0 info it worked if it ends with ok
1 verbose cli [ '/Users/KUOM/.nvm/v0.10.32/bin/node',
1 verbose cli   '/Users/KUOM/.nvm/v0.10.32/bin/npm',
1 verbose cli   'install' ]
2 info using npm@1.4.28
3 info using node@v0.10.32
4 warn package.json ctgrzMusic@1.0.0 No repository field.
5 verbose readDependencies using package.json deps
6 verbose install where, deps [ '/Users/KUOM/Code/test/reactJs/reactjs-music',
6 verbose install   [ 'body-parser', 'express', 'mongodb', 'monoskin' ] ]
7 info preinstall ctgrzMusic@1.0.0
8 verbose readDependencies using package.json deps
9 verbose already installed skipping body-parser@^1.4.3 /Users/KUOM/Code/test/reactJs/reactjs-music
10 verbose already installed skipping express@^4.4.5 /Users/KUOM/Code/test/reactJs/reactjs-music
11 verbose cache add [ 'mongodb@*', null ]
12 verbose cache add name=undefined spec="mongodb@*" args=["mongodb@*",null]
13 verbose parsed url { protocol: null,
13 verbose parsed url   slashes: null,
13 verbose parsed url   auth: null,
13 verbose parsed url   host: null,
13 verbose parsed url   port: null,
13 verbose parsed url   hostname: null,
13 verbose parsed url   hash: null,
13 verbose parsed url   search: null,
13 verbose parsed url   query: null,
13 verbose parsed url   pathname: 'mongodb@*',
13 verbose parsed url   path: 'mongodb@*',
13 verbose parsed url   href: 'mongodb@*' }
14 verbose cache add [ 'monoskin@*', null ]
15 verbose cache add name=undefined spec="monoskin@*" args=["monoskin@*",null]
16 verbose parsed url { protocol: null,
16 verbose parsed url   slashes: null,
16 verbose parsed url   auth: null,
16 verbose parsed url   host: null,
16 verbose parsed url   port: null,
16 verbose parsed url   hostname: null,
16 verbose parsed url   hash: null,
16 verbose parsed url   search: null,
16 verbose parsed url   query: null,
16 verbose parsed url   pathname: 'monoskin@*',
16 verbose parsed url   path: 'monoskin@*',
16 verbose parsed url   href: 'monoskin@*' }
17 verbose cache add name="mongodb" spec="*" args=["mongodb","*"]
18 verbose parsed url { protocol: null,
18 verbose parsed url   slashes: null,
18 verbose parsed url   auth: null,
18 verbose parsed url   host: null,
18 verbose parsed url   port: null,
18 verbose parsed url   hostname: null,
18 verbose parsed url   hash: null,
18 verbose parsed url   search: null,
18 verbose parsed url   query: null,
18 verbose parsed url   pathname: '*',
18 verbose parsed url   path: '*',
18 verbose parsed url   href: '*' }
19 verbose addNamed [ 'mongodb', '*' ]
20 verbose addNamed [ null, '*' ]
21 verbose cache add name="monoskin" spec="*" args=["monoskin","*"]
22 verbose parsed url { protocol: null,
22 verbose parsed url   slashes: null,
22 verbose parsed url   auth: null,
22 verbose parsed url   host: null,
22 verbose parsed url   port: null,
22 verbose parsed url   hostname: null,
22 verbose parsed url   hash: null,
22 verbose parsed url   search: null,
22 verbose parsed url   query: null,
22 verbose parsed url   pathname: '*',
22 verbose parsed url   path: '*',
22 verbose parsed url   href: '*' }
23 verbose addNamed [ 'monoskin', '*' ]
24 verbose addNamed [ null, '*' ]
25 silly lockFile 842f93d5-mongodb mongodb@*
26 verbose lock mongodb@* /Users/KUOM/.npm/842f93d5-mongodb.lock
27 silly lockFile a117591b-monoskin monoskin@*
28 verbose lock monoskin@* /Users/KUOM/.npm/a117591b-monoskin.lock
29 silly addNameRange { name: 'mongodb', range: '*', hasData: false }
30 silly addNameRange { name: 'monoskin', range: '*', hasData: false }
31 verbose request where is /monoskin
32 verbose request registry https://registry.npmjs.org/
33 verbose request id 6af5f9123c52f545
34 verbose url raw /monoskin
35 verbose url resolving [ 'https://registry.npmjs.org/', './monoskin' ]
36 verbose url resolved https://registry.npmjs.org/monoskin
37 verbose request where is https://registry.npmjs.org/monoskin
38 info trying registry request attempt 1 at 11:33:45
39 http GET https://registry.npmjs.org/monoskin
40 verbose request where is /mongodb
41 verbose request registry https://registry.npmjs.org/
42 verbose url raw /mongodb
43 verbose url resolving [ 'https://registry.npmjs.org/', './mongodb' ]
44 verbose url resolved https://registry.npmjs.org/mongodb
45 verbose request where is https://registry.npmjs.org/mongodb
46 info trying registry request attempt 1 at 11:33:45
47 verbose etag "8L3IF9K6TM1LT2E75F063TOW5"
48 http GET https://registry.npmjs.org/mongodb
49 http 404 https://registry.npmjs.org/monoskin
50 verbose headers { date: 'Mon, 05 Jan 2015 03:32:00 GMT',
50 verbose headers   server: 'CouchDB/1.5.0 (Erlang OTP/R16B03)',
50 verbose headers   'content-type': 'application/json',
50 verbose headers   'cache-control': 'max-age=0',
50 verbose headers   'content-length': '52',
50 verbose headers   'accept-ranges': 'bytes',
50 verbose headers   via: '1.1 varnish',
50 verbose headers   age: '0',
50 verbose headers   'x-served-by': 'cache-hk91-HKG',
50 verbose headers   'x-cache': 'MISS',
50 verbose headers   'x-cache-hits': '0',
50 verbose headers   'x-timer': 'S1420428719.863210,VS0,VE174',
50 verbose headers   'keep-alive': 'timeout=10, max=50',
50 verbose headers   connection: 'Keep-Alive' }
51 silly registry.get cb [ 404,
51 silly registry.get   { date: 'Mon, 05 Jan 2015 03:32:00 GMT',
51 silly registry.get     server: 'CouchDB/1.5.0 (Erlang OTP/R16B03)',
51 silly registry.get     'content-type': 'application/json',
51 silly registry.get     'cache-control': 'max-age=0',
51 silly registry.get     'content-length': '52',
51 silly registry.get     'accept-ranges': 'bytes',
51 silly registry.get     via: '1.1 varnish',
51 silly registry.get     age: '0',
51 silly registry.get     'x-served-by': 'cache-hk91-HKG',
51 silly registry.get     'x-cache': 'MISS',
51 silly registry.get     'x-cache-hits': '0',
51 silly registry.get     'x-timer': 'S1420428719.863210,VS0,VE174',
51 silly registry.get     'keep-alive': 'timeout=10, max=50',
51 silly registry.get     connection: 'Keep-Alive' } ]
52 silly lockFile a117591b-monoskin monoskin@*
53 silly lockFile a117591b-monoskin monoskin@*
54 http 200 https://registry.npmjs.org/mongodb
55 silly registry.get cb [ 200,
55 silly registry.get   { date: 'Mon, 05 Jan 2015 03:31:59 GMT',
55 silly registry.get     server: 'CouchDB/1.5.0 (Erlang OTP/R16B03)',
55 silly registry.get     etag: '"CRH39SC1LSNZYAE3YTLYYP1NI"',
55 silly registry.get     'content-type': 'application/json',
55 silly registry.get     'cache-control': 'max-age=60',
55 silly registry.get     'content-length': '404672',
55 silly registry.get     'accept-ranges': 'bytes',
55 silly registry.get     via: '1.1 varnish',
55 silly registry.get     age: '21',
55 silly registry.get     'x-served-by': 'cache-hk92-HKG',
55 silly registry.get     'x-cache': 'HIT',
55 silly registry.get     'x-cache-hits': '1',
55 silly registry.get     'x-timer': 'S1420428719.859604,VS0,VE1',
55 silly registry.get     vary: 'Accept',
55 silly registry.get     'keep-alive': 'timeout=10, max=50',
55 silly registry.get     connection: 'Keep-Alive' } ]
56 silly addNameRange number 2 { name: 'mongodb', range: '*', hasData: true }
57 silly addNameRange versions [ 'mongodb',
57 silly addNameRange   [ '0.9.4',
57 silly addNameRange     '0.9.4-4',
57 silly addNameRange     '0.9.3',
57 silly addNameRange     '0.9.1',
57 silly addNameRange     '0.9.2',
57 silly addNameRange     '0.9.6-7',
57 silly addNameRange     '0.9.6-8',
57 silly addNameRange     '0.9.6-9',
57 silly addNameRange     '0.9.6-10',
57 silly addNameRange     '0.9.6-11',
57 silly addNameRange     '0.9.6-12',
57 silly addNameRange     '0.9.6-13',
57 silly addNameRange     '0.9.6-14',
57 silly addNameRange     '0.9.6-15',
57 silly addNameRange     '0.9.6-16',
57 silly addNameRange     '0.9.6-17',
57 silly addNameRange     '0.9.6-18',
57 silly addNameRange     '0.9.6-19',
57 silly addNameRange     '0.9.6-20',
57 silly addNameRange     '0.9.6-21',
57 silly addNameRange     '0.9.6-22',
57 silly addNameRange     '0.9.6-23',
57 silly addNameRange     '0.9.7',
57 silly addNameRange     '0.9.7-0',
57 silly addNameRange     '0.9.7-1',
57 silly addNameRange     '0.9.7-1.1',
57 silly addNameRange     '0.9.7-1.2',
57 silly addNameRange     '0.9.7-1.3',
57 silly addNameRange     '0.9.7-1.4',
57 silly addNameRange     '0.9.7-2',
57 silly addNameRange     '0.9.7-2-1',
57 silly addNameRange     '0.9.7-2-2',
57 silly addNameRange     '0.9.7-2-3',
57 silly addNameRange     '0.9.7-2-4',
57 silly addNameRange     '0.9.7-2-5',
57 silly addNameRange     '0.9.7-3',
57 silly addNameRange     '0.9.7-3-1',
57 silly addNameRange     '0.9.7-3-2',
57 silly addNameRange     '0.9.7-3-3',
57 silly addNameRange     '0.9.7-3-4',
57 silly addNameRange     '0.9.7-3-5',
57 silly addNameRange     '0.9.8',
57 silly addNameRange     '0.9.8-1',
57 silly addNameRange     '0.9.8-2',
57 silly addNameRange     '0.9.8-3',
57 silly addNameRange     '0.9.8-4',
57 silly addNameRange     '0.9.8-5',
57 silly addNameRange     '0.9.8-6',
57 silly addNameRange     '0.9.8-7',
57 silly addNameRange     '0.9.9',
57 silly addNameRange     '0.9.9-1',
57 silly addNameRange     '0.9.9-2',
57 silly addNameRange     '0.9.9-3',
57 silly addNameRange     '0.9.9-4',
57 silly addNameRange     '0.9.9-5',
57 silly addNameRange     '0.9.9-6',
57 silly addNameRange     '0.9.9-7',
57 silly addNameRange     '0.9.9-8',
57 silly addNameRange     '1.0.0',
57 silly addNameRange     '1.0.1',
57 silly addNameRange     '1.0.2',
57 silly addNameRange     '1.1.0-beta',
57 silly addNameRange     '1.1.0',
57 silly addNameRange     '1.1.1',
57 silly addNameRange     '1.1.2',
57 silly addNameRange     '1.1.3',
57 silly addNameRange     '1.1.4',
57 silly addNameRange     '1.1.5',
57 silly addNameRange     '1.1.6',
57 silly addNameRange     '1.1.7',
57 silly addNameRange     '1.1.8',
57 silly addNameRange     '1.1.9',
57 silly addNameRange     '1.1.10',
57 silly addNameRange     '1.1.11',
57 silly addNameRange     '1.2.0',
57 silly addNameRange     '1.2.1',
57 silly addNameRange     '1.2.2',
57 silly addNameRange     '1.2.3',
57 silly addNameRange     '1.2.4',
57 silly addNameRange     '1.2.5',
57 silly addNameRange     '1.2.6',
57 silly addNameRange     '1.2.7',
57 silly addNameRange     '1.2.8',
57 silly addNameRange     '1.2.9',
57 silly addNameRange     '1.2.10',
57 silly addNameRange     '1.2.11',
57 silly addNameRange     '1.2.12',
57 silly addNameRange     '1.2.13',
57 silly addNameRange     '1.2.14',
57 silly addNameRange     '1.3.0',
57 silly addNameRange     '1.3.1',
57 silly addNameRange     '1.3.2',
57 silly addNameRange     '1.3.3',
57 silly addNameRange     '1.3.4',
57 silly addNameRange     '1.3.5',
57 silly addNameRange     '1.3.6',
57 silly addNameRange     '1.3.7',
57 silly addNameRange     '1.3.8',
57 silly addNameRange     '1.3.9',
57 silly addNameRange     '1.3.10',
57 silly addNameRange     '1.3.11',
57 silly addNameRange     '1.3.12',
57 silly addNameRange     '1.3.14',
57 silly addNameRange     '1.3.15',
57 silly addNameRange     '1.3.17',
57 silly addNameRange     '1.3.18',
57 silly addNameRange     '1.3.19',
57 silly addNameRange     '1.4.0-rc2',
57 silly addNameRange     '1.3.20',
57 silly addNameRange     '1.4.0-rc3',
57 silly addNameRange     '1.3.21',
57 silly addNameRange     '1.3.22',
57 silly addNameRange     '1.3.23',
57 silly addNameRange     '1.4.0-rc4',
57 silly addNameRange     '1.4.0-rc5',
57 silly addNameRange     '1.4.0-rc6',
57 silly addNameRange     '1.4.0-rc7',
57 silly addNameRange     '1.4.0-rc8',
57 silly addNameRange     '1.4.0-rc9',
57 silly addNameRange     '1.4.0-rc10',
57 silly addNameRange     '1.4.0',
57 silly addNameRange     '1.4.1',
57 silly addNameRange     '1.4.2',
57 silly addNameRange     '1.4.3',
57 silly addNameRange     '1.4.4',
57 silly addNameRange     '1.4.5',
57 silly addNameRange     '1.4.6',
57 silly addNameRange     '1.4.7',
57 silly addNameRange     '1.4.8',
57 silly addNameRange     '1.4.9',
57 silly addNameRange     '1.4.10',
57 silly addNameRange     '2.0.0-alpha1',
57 silly addNameRange     '1.4.11',
57 silly addNameRange     '1.4.12',
57 silly addNameRange     '1.4.14',
57 silly addNameRange     '1.4.15',
57 silly addNameRange     '1.4.16',
57 silly addNameRange     '1.4.17',
57 silly addNameRange     '2.0.0-alpha2',
57 silly addNameRange     '1.4.18',
57 silly addNameRange     '2.0.0',
57 silly addNameRange     '2.0.1',
57 silly addNameRange     '2.0.2',
57 silly addNameRange     '1.4.19',
57 silly addNameRange     '2.0.3',
57 silly addNameRange     '2.0.4',
57 silly addNameRange     '2.0.5',
57 silly addNameRange     '2.0.6',
57 silly addNameRange     '1.4.20',
57 silly addNameRange     '1.4.22',
57 silly addNameRange     '2.0.7',
57 silly addNameRange     '2.0.8',
57 silly addNameRange     '2.0.9',
57 silly addNameRange     '1.4.23',
57 silly addNameRange     '2.0.10',
57 silly addNameRange     '1.4.24',
57 silly addNameRange     '2.0.11',
57 silly addNameRange     '1.4.25',
57 silly addNameRange     '2.0.12',
57 silly addNameRange     '1.4.26' ] ]
58 verbose addNamed [ 'mongodb', '1.4.26' ]
59 verbose addNamed [ '1.4.26', '1.4.26' ]
60 silly lockFile be3efc7c-mongodb-1-4-26 mongodb@1.4.26
61 verbose lock mongodb@1.4.26 /Users/KUOM/.npm/be3efc7c-mongodb-1-4-26.lock
62 silly lockFile dc343487-s-org-mongodb-mongodb-1-4-26-tgz https://registry.npmjs.org/mongodb/-/mongodb-1.4.26.tgz
63 verbose lock https://registry.npmjs.org/mongodb/-/mongodb-1.4.26.tgz /Users/KUOM/.npm/dc343487-s-org-mongodb-mongodb-1-4-26-tgz.lock
64 verbose addRemoteTarball [ 'https://registry.npmjs.org/mongodb/-/mongodb-1.4.26.tgz',
64 verbose addRemoteTarball   'ec57c8aaa6f480b0de038fda19bebf15993df736' ]
65 info retry fetch attempt 1 at 11:33:46
66 verbose fetch to= /var/folders/z6/mmctgthd3935lzzm3v0jxm7w0000gn/T/npm-1124-UHO7p4yj/registry.npmjs.org/mongodb/-/mongodb-1.4.26.tgz
67 http GET https://registry.npmjs.org/mongodb/-/mongodb-1.4.26.tgz
68 http 200 https://registry.npmjs.org/mongodb/-/mongodb-1.4.26.tgz
69 silly lockFile dc343487-s-org-mongodb-mongodb-1-4-26-tgz https://registry.npmjs.org/mongodb/-/mongodb-1.4.26.tgz
70 silly lockFile dc343487-s-org-mongodb-mongodb-1-4-26-tgz https://registry.npmjs.org/mongodb/-/mongodb-1.4.26.tgz
71 silly lockFile be3efc7c-mongodb-1-4-26 mongodb@1.4.26
72 silly lockFile be3efc7c-mongodb-1-4-26 mongodb@1.4.26
73 silly lockFile 842f93d5-mongodb mongodb@*
74 silly lockFile 842f93d5-mongodb mongodb@*
75 error 404 404 Not Found: monoskin
75 error 404
75 error 404 'monoskin' is not in the npm registry.
75 error 404 You should bug the author to publish it
75 error 404 It was specified as a dependency of 'ctgrzMusic'
75 error 404
75 error 404 Note that you can also install from a
75 error 404 tarball, folder, or http url, or git url.
76 error System Darwin 13.4.0
77 error command "/Users/KUOM/.nvm/v0.10.32/bin/node" "/Users/KUOM/.nvm/v0.10.32/bin/npm" "install"
78 error cwd /Users/KUOM/Code/test/reactJs/reactjs-music
79 error node -v v0.10.32
80 error npm -v 1.4.28
81 error code E404
82 verbose exit [ 1, true ]
